Added Component: Designator=C1(0603)
Added Component: Designator=C2(0603)
Added Component: Designator=C3(SMD3216-A)
Added Component: Designator=C4(SMD3216-A)
Added Component: Designator=C5(SMD3216-A)
Added Component: Designator=C6(SMD3216-A)
Added Component: Designator=C7(SMD3216-A)
Added Component: Designator=C8(SMD3216-A)
Added Component: Designator=C9(0603)
Added Component: Designator=C10(0603)
Added Component: Designator=C11(0603)
Added Component: Designator=C12(0603)
Added Component: Designator=C13(0603)
Added Component: Designator=C14(0603)
Added Component: Designator=C15(0603)
Added Component: Designator=C16(0603)
Added Component: Designator=C17(0603)
Added Component: Designator=C18(0603)
Added Component: Designator=C19(0603)
Added Component: Designator=C20(0603)
Added Component: Designator=C21(C0603)
Added Component: Designator=C22(0603)
Added Component: Designator=C23(C0603)
Added Component: Designator=C24(0603)
Added Component: Designator=C25(0603)
Added Component: Designator=C26(0603)
Added Component: Designator=C27(0603)
Added Component: Designator=C28(c0603)
Added Component: Designator=C29(0603)
Added Component: Designator=C30(0603)
Added Component: Designator=C31(c0603)
Added Component: Designator=C32(c0603)
Added Component: Designator=C33(c0603)
Added Component: Designator=C34(0603)
Added Component: Designator=C35(0603)
Added Component: Designator=C36(0603)
Added Component: Designator=C37(c0603)
Added Component: Designator=C38(c0603)
Added Component: Designator=C39(1210)
Added Component: Designator=C40(1210)
Added Component: Designator=C41(c0603)
Added Component: Designator=C42(1210)
Added Component: Designator=C43(1210)
Added Component: Designator=C44(c0603)
Added Component: Designator=C45(c0603)
Added Component: Designator=C46(1210)
Added Component: Designator=C47(SMD7343-D)
Added Component: Designator=C48(c0603)
Added Component: Designator=C49(c0603)
Added Component: Designator=C50(SMD7343-D)
Added Component: Designator=C51(c0603)
Added Component: Designator=C52(c0603)
Added Component: Designator=C53(0603)
Added Component: Designator=C54(0603)
Added Component: Designator=C55(0805)
Added Component: Designator=C56(0603)
Added Component: Designator=C57(SMD3216-A)
Added Component: Designator=C58(0603)
Added Component: Designator=C59(0603)
Added Component: Designator=C67(0603)
Added Component: Designator=D1(SMA)
Added Component: Designator=J1(5569-06)
Added Component: Designator=J2(DC3-14P)
Added Component: Designator=J3(IDC20)
Added Component: Designator=J4(5.08A-3PIN)
Added Component: Designator=J？(5.08A-3PIN)
Added Component: Designator=L1(L-7.2*7.2*4)
Added Component: Designator=LED1(LED-0805)
Added Component: Designator=LED2(LED-0805)
Added Component: Designator=M1(0805)
Added Component: Designator=M2(0805)
Added Component: Designator=M3(0805)
Added Component: Designator=M4(0805)
Added Component: Designator=P1(DF13C-2P-1.25V)
Added Component: Designator=Q1(SOT-89)
Added Component: Designator=Q2(SOT-23)
Added Component: Designator=R1(0603)
Added Component: Designator=R2(0603)
Added Component: Designator=R3(0603)
Added Component: Designator=R4(0603)
Added Component: Designator=R5(0603)
Added Component: Designator=R6(0603)
Added Component: Designator=R7(0603)
Added Component: Designator=R8(0603)
Added Component: Designator=R9(0603)
Added Component: Designator=R10(0603)
Added Component: Designator=R11(0603)
Added Component: Designator=R12(0603)
Added Component: Designator=R13(b10k)
Added Component: Designator=R14(0603)
Added Component: Designator=R15(0603)
Added Component: Designator=R16(0805)
Added Component: Designator=R17(0805)
Added Component: Designator=R18(0603)
Added Component: Designator=R19(0603)
Added Component: Designator=R20(0603)
Added Component: Designator=R21(0603)
Added Component: Designator=R22(0603)
Added Component: Designator=R23(0603)
Added Component: Designator=R24(0603)
Added Component: Designator=R25(0603)
Added Component: Designator=R26(0603)
Added Component: Designator=R27(0603)
Added Component: Designator=R28(0603)
Added Component: Designator=R29(0603)
Added Component: Designator=R30(0603)
Added Component: Designator=R31(0603)
Added Component: Designator=R32(0603)
Added Component: Designator=R33(0603)
Added Component: Designator=R34(0603)
Added Component: Designator=R35(0603)
Added Component: Designator=R36(0603)
Added Component: Designator=R37(0603)
Added Component: Designator=R38(0603)
Added Component: Designator=R39(0805)
Added Component: Designator=R40(0603)
Added Component: Designator=R41(0603)
Added Component: Designator=R42(0603)
Added Component: Designator=R43(0603)
Added Component: Designator=R44(2010)
Added Component: Designator=R45(0603)
Added Component: Designator=R46(0603)
Added Component: Designator=R47(0603)
Added Component: Designator=R48(2010)
Added Component: Designator=R49(0603)
Added Component: Designator=R50(0603)
Added Component: Designator=R51(0805)
Added Component: Designator=R153(0603)
Added Component: Designator=R154(0603)
Added Component: Designator=R155(0603)
Added Component: Designator=R156(0603)
Added Component: Designator=R157(0603)
Added Component: Designator=R158(0805)
Added Component: Designator=R159(0603)
Added Component: Designator=R160(0805)
Added Component: Designator=T1(ACT45B)
Added Component: Designator=TVS1(SC70-5L)
Added Component: Designator=TVS2(SC70-5L)
Added Component: Designator=TVS3(SOT-23)
Added Component: Designator=U1(SOT-89)
Added Component: Designator=U2(TQFP-100)
Added Component: Designator=U3(SC70-3L)
Added Component: Designator=U4(SOP-8)
Added Component: Designator=U5(SOT-23-6)
Added Component: Designator=U6(D2PAK)
Added Component: Designator=U7(SOP-8)
Added Component: Designator=U8(SOP-8)
Added Component: Designator=U9(SOP-8)
Added Component: Designator=Y1(XTAL1200X480X300N)
Added Pin To Net: NetName=+3.3V Pin=C2-1
Added Pin To Net: NetName=+3.3V Pin=C9-1
Added Pin To Net: NetName=+3.3V Pin=C10-1
Added Pin To Net: NetName=+3.3V Pin=C11-1
Added Pin To Net: NetName=+3.3V Pin=C12-1
Added Pin To Net: NetName=+3.3V Pin=C13-1
Added Pin To Net: NetName=+3.3V Pin=C28-2
Added Pin To Net: NetName=+3.3V Pin=C29-1
Added Pin To Net: NetName=+3.3V Pin=C30-1
Added Pin To Net: NetName=+3.3V Pin=C36-2
Added Pin To Net: NetName=+3.3V Pin=C49-2
Added Pin To Net: NetName=+3.3V Pin=C50-1
Added Pin To Net: NetName=+3.3V Pin=C58-1
Added Pin To Net: NetName=+3.3V Pin=J2-5
Added Pin To Net: NetName=+3.3V Pin=M4-2
Added Pin To Net: NetName=+3.3V Pin=R3-2
Added Pin To Net: NetName=+3.3V Pin=R4-2
Added Pin To Net: NetName=+3.3V Pin=R5-2
Added Pin To Net: NetName=+3.3V Pin=R10-2
Added Pin To Net: NetName=+3.3V Pin=R16-2
Added Pin To Net: NetName=+3.3V Pin=R17-2
Added Pin To Net: NetName=+3.3V Pin=R27-2
Added Pin To Net: NetName=+3.3V Pin=R28-2
Added Pin To Net: NetName=+3.3V Pin=R33-1
Added Pin To Net: NetName=+3.3V Pin=R34-2
Added Pin To Net: NetName=+3.3V Pin=R41-2
Added Pin To Net: NetName=+3.3V Pin=R45-2
Added Pin To Net: NetName=+3.3V Pin=R46-2
Added Pin To Net: NetName=+3.3V Pin=R153-2
Added Pin To Net: NetName=+3.3V Pin=R154-2
Added Pin To Net: NetName=+3.3V Pin=R156-2
Added Pin To Net: NetName=+3.3V Pin=R157-2
Added Pin To Net: NetName=+3.3V Pin=R159-2
Added Pin To Net: NetName=+3.3V Pin=U2-5
Added Pin To Net: NetName=+3.3V Pin=U2-13
Added Pin To Net: NetName=+3.3V Pin=U2-38
Added Pin To Net: NetName=+3.3V Pin=U2-46
Added Pin To Net: NetName=+3.3V Pin=U2-61
Added Pin To Net: NetName=+3.3V Pin=U2-79
Added Pin To Net: NetName=+3.3V Pin=U2-93
Added Pin To Net: NetName=+3.3V Pin=U4-8
Added Pin To Net: NetName=+3.3V Pin=U8-5
Added Pin To Net: NetName=+3.3V Pin=U8-6
Added Pin To Net: NetName=+3.3V Pin=U8-7
Added Pin To Net: NetName=+3.3V Pin=U9-5
Added Net: Name=+3.3V
Added Pin To Net: NetName=+5V Pin=C25-2
Added Pin To Net: NetName=+5V Pin=C34-1
Added Pin To Net: NetName=+5V Pin=C42-2
Added Pin To Net: NetName=+5V Pin=C43-2
Added Pin To Net: NetName=+5V Pin=C44-2
Added Pin To Net: NetName=+5V Pin=C47-1
Added Pin To Net: NetName=+5V Pin=C48-2
Added Pin To Net: NetName=+5V Pin=C53-1
Added Pin To Net: NetName=+5V Pin=C57-1
Added Pin To Net: NetName=+5V Pin=J3-5
Added Pin To Net: NetName=+5V Pin=L1-2
Added Pin To Net: NetName=+5V Pin=L1-2
Added Pin To Net: NetName=+5V Pin=Q2-2
Added Pin To Net: NetName=+5V Pin=R1-2
Added Pin To Net: NetName=+5V Pin=R37-2
Added Pin To Net: NetName=+5V Pin=R39-1
Added Pin To Net: NetName=+5V Pin=U3-1
Added Pin To Net: NetName=+5V Pin=U7-8
Added Pin To Net: NetName=+5V Pin=U8-3
Added Pin To Net: NetName=+5V Pin=U8-4
Added Pin To Net: NetName=+5V Pin=U9-3
Added Net: Name=+5V
Added Pin To Net: NetName=+15V Pin=C38-2
Added Pin To Net: NetName=+15V Pin=C39-2
Added Pin To Net: NetName=+15V Pin=C40-2
Added Pin To Net: NetName=+15V Pin=C41-2
Added Pin To Net: NetName=+15V Pin=J3-1
Added Pin To Net: NetName=+15V Pin=J3-9
Added Pin To Net: NetName=+15V Pin=J3-17
Added Pin To Net: NetName=+15V Pin=R7-2
Added Pin To Net: NetName=+15V Pin=R36-1
Added Pin To Net: NetName=+15V Pin=U5-3
Added Pin To Net: NetName=+15V Pin=U6-3
Added Net: Name=+15V
Added Pin To Net: NetName=+24V Pin=P1-2
Added Pin To Net: NetName=+24V Pin=U6-1
Added Net: Name=+24V
Added Pin To Net: NetName=5V供电检测 Pin=C1-2
Added Pin To Net: NetName=5V供电检测 Pin=R1-1
Added Pin To Net: NetName=5V供电检测 Pin=R2-1
Added Pin To Net: NetName=5V供电检测 Pin=TVS1-5
Added Pin To Net: NetName=5V供电检测 Pin=U2-18
Added Net: Name=5V供电检测
Added Pin To Net: NetName=15V电压 Pin=C14-2
Added Pin To Net: NetName=15V电压 Pin=R7-1
Added Pin To Net: NetName=15V电压 Pin=R8-1
Added Pin To Net: NetName=15V电压 Pin=TVS2-4
Added Pin To Net: NetName=15V电压 Pin=U2-20
Added Net: Name=15V电压
Added Pin To Net: NetName=ADCREF Pin=C35-1
Added Pin To Net: NetName=ADCREF Pin=U2-24
Added Pin To Net: NetName=ADCREF Pin=U3-2
Added Net: Name=ADCREF
Added Pin To Net: NetName=CAN-H Pin=J4-1
Added Pin To Net: NetName=CAN-H Pin=R43-2
Added Pin To Net: NetName=CAN-H Pin=R44-1
Added Pin To Net: NetName=CAN-H Pin=T1-4
Added Pin To Net: NetName=CAN-H Pin=TVS3-2
Added Net: Name=CAN-H
Added Pin To Net: NetName=CAN-L Pin=J4-2
Added Pin To Net: NetName=CAN-L Pin=R48-1
Added Pin To Net: NetName=CAN-L Pin=R50-2
Added Pin To Net: NetName=CAN-L Pin=T1-3
Added Pin To Net: NetName=CAN-L Pin=TVS3-1
Added Net: Name=CAN-L
Added Pin To Net: NetName=CAN-SHIELD Pin=J4-3
Added Pin To Net: NetName=CAN-SHIELD Pin=R51-2
Added Net: Name=CAN-SHIELD
Added Pin To Net: NetName=GND Pin=C1-1
Added Pin To Net: NetName=GND Pin=C2-2
Added Pin To Net: NetName=GND Pin=C3-2
Added Pin To Net: NetName=GND Pin=C4-2
Added Pin To Net: NetName=GND Pin=C5-2
Added Pin To Net: NetName=GND Pin=C6-2
Added Pin To Net: NetName=GND Pin=C7-2
Added Pin To Net: NetName=GND Pin=C8-2
Added Pin To Net: NetName=GND Pin=C9-2
Added Pin To Net: NetName=GND Pin=C10-2
Added Pin To Net: NetName=GND Pin=C11-2
Added Pin To Net: NetName=GND Pin=C12-2
Added Pin To Net: NetName=GND Pin=C13-2
Added Pin To Net: NetName=GND Pin=C14-1
Added Pin To Net: NetName=GND Pin=C15-1
Added Pin To Net: NetName=GND Pin=C16-1
Added Pin To Net: NetName=GND Pin=C17-1
Added Pin To Net: NetName=GND Pin=C18-1
Added Pin To Net: NetName=GND Pin=C19-1
Added Pin To Net: NetName=GND Pin=C20-1
Added Pin To Net: NetName=GND Pin=C21-2
Added Pin To Net: NetName=GND Pin=C22-1
Added Pin To Net: NetName=GND Pin=C23-2
Added Pin To Net: NetName=GND Pin=C24-1
Added Pin To Net: NetName=GND Pin=C25-1
Added Pin To Net: NetName=GND Pin=C26-1
Added Pin To Net: NetName=GND Pin=C27-1
Added Pin To Net: NetName=GND Pin=C28-1
Added Pin To Net: NetName=GND Pin=C29-2
Added Pin To Net: NetName=GND Pin=C30-2
Added Pin To Net: NetName=GND Pin=C31-1
Added Pin To Net: NetName=GND Pin=C32-1
Added Pin To Net: NetName=GND Pin=C33-1
Added Pin To Net: NetName=GND Pin=C34-2
Added Pin To Net: NetName=GND Pin=C35-2
Added Pin To Net: NetName=GND Pin=C36-1
Added Pin To Net: NetName=GND Pin=C38-1
Added Pin To Net: NetName=GND Pin=C39-1
Added Pin To Net: NetName=GND Pin=C40-1
Added Pin To Net: NetName=GND Pin=C41-1
Added Pin To Net: NetName=GND Pin=C42-1
Added Pin To Net: NetName=GND Pin=C43-1
Added Pin To Net: NetName=GND Pin=C44-1
Added Pin To Net: NetName=GND Pin=C45-1
Added Pin To Net: NetName=GND Pin=C46-1
Added Pin To Net: NetName=GND Pin=C47-2
Added Pin To Net: NetName=GND Pin=C48-1
Added Pin To Net: NetName=GND Pin=C49-1
Added Pin To Net: NetName=GND Pin=C50-2
Added Pin To Net: NetName=GND Pin=C52-1
Added Pin To Net: NetName=GND Pin=C53-2
Added Pin To Net: NetName=GND Pin=C54-1
Added Pin To Net: NetName=GND Pin=C55-2
Added Pin To Net: NetName=GND Pin=C56-1
Added Pin To Net: NetName=GND Pin=C57-2
Added Pin To Net: NetName=GND Pin=C58-2
Added Pin To Net: NetName=GND Pin=C59-1
Added Pin To Net: NetName=GND Pin=C67-1
Added Pin To Net: NetName=GND Pin=J1-5
Added Pin To Net: NetName=GND Pin=J2-4
Added Pin To Net: NetName=GND Pin=J2-6
Added Pin To Net: NetName=GND Pin=J2-8
Added Pin To Net: NetName=GND Pin=J2-10
Added Pin To Net: NetName=GND Pin=J2-12
Added Pin To Net: NetName=GND Pin=J3-7
Added Pin To Net: NetName=GND Pin=J3-11
Added Pin To Net: NetName=GND Pin=J3-13
Added Pin To Net: NetName=GND Pin=J3-15
Added Pin To Net: NetName=GND Pin=J？-3
Added Pin To Net: NetName=GND Pin=P1-1
Added Pin To Net: NetName=GND Pin=R2-2
Added Pin To Net: NetName=GND Pin=R8-2
Added Pin To Net: NetName=GND Pin=R13-3
Added Pin To Net: NetName=GND Pin=R21-1
Added Pin To Net: NetName=GND Pin=R22-1
Added Pin To Net: NetName=GND Pin=R23-1
Added Pin To Net: NetName=GND Pin=R29-1
Added Pin To Net: NetName=GND Pin=R38-1
Added Pin To Net: NetName=GND Pin=R42-1
Added Pin To Net: NetName=GND Pin=R155-1
Added Pin To Net: NetName=GND Pin=TVS1-2
Added Pin To Net: NetName=GND Pin=TVS2-2
Added Pin To Net: NetName=GND Pin=TVS3-3
Added Pin To Net: NetName=GND Pin=U1-2
Added Pin To Net: NetName=GND Pin=U1-2
Added Pin To Net: NetName=GND Pin=U2-4
Added Pin To Net: NetName=GND Pin=U2-15
Added Pin To Net: NetName=GND Pin=U2-26
Added Pin To Net: NetName=GND Pin=U2-27
Added Pin To Net: NetName=GND Pin=U2-36
Added Pin To Net: NetName=GND Pin=U2-47
Added Pin To Net: NetName=GND Pin=U2-62
Added Pin To Net: NetName=GND Pin=U2-80
Added Pin To Net: NetName=GND Pin=U2-90
Added Pin To Net: NetName=GND Pin=U2-92
Added Pin To Net: NetName=GND Pin=U3-3
Added Pin To Net: NetName=GND Pin=U4-1
Added Pin To Net: NetName=GND Pin=U4-2
Added Pin To Net: NetName=GND Pin=U4-3
Added Pin To Net: NetName=GND Pin=U4-4
Added Pin To Net: NetName=GND Pin=U4-7
Added Pin To Net: NetName=GND Pin=U5-1
Added Pin To Net: NetName=GND Pin=U6-2
Added Pin To Net: NetName=GND Pin=U7-4
Added Pin To Net: NetName=GND Pin=U8-1
Added Pin To Net: NetName=GND Pin=U8-2
Added Pin To Net: NetName=GND Pin=U9-2
Added Pin To Net: NetName=GND Pin=U9-8
Added Net: Name=GND
Added Pin To Net: NetName=HALL-A-MCU Pin=C18-2
Added Pin To Net: NetName=HALL-A-MCU Pin=R6-2
Added Pin To Net: NetName=HALL-A-MCU Pin=U2-73
Added Net: Name=HALL-A-MCU
Added Pin To Net: NetName=HALL-A Pin=J1-1
Added Pin To Net: NetName=HALL-A Pin=M1-2
Added Net: Name=HALL-A
Added Pin To Net: NetName=HALL-B-MCU Pin=C17-2
Added Pin To Net: NetName=HALL-B-MCU Pin=R9-2
Added Pin To Net: NetName=HALL-B-MCU Pin=U2-89
Added Net: Name=HALL-B-MCU
Added Pin To Net: NetName=HALL-B Pin=J1-2
Added Pin To Net: NetName=HALL-B Pin=M2-2
Added Net: Name=HALL-B
Added Pin To Net: NetName=HALL-C-MCU Pin=C16-2
Added Pin To Net: NetName=HALL-C-MCU Pin=R11-2
Added Pin To Net: NetName=HALL-C-MCU Pin=U2-49
Added Net: Name=HALL-C-MCU
Added Pin To Net: NetName=HALL-C Pin=J1-3
Added Pin To Net: NetName=HALL-C Pin=M3-2
Added Net: Name=HALL-C
Added Pin To Net: NetName=HALL-POWER Pin=C45-2
Added Pin To Net: NetName=HALL-POWER Pin=C46-2
Added Pin To Net: NetName=HALL-POWER Pin=D1-2
Added Pin To Net: NetName=HALL-POWER Pin=J1-4
Added Net: Name=HALL-POWER
Added Pin To Net: NetName=ISEN-U_MCU Pin=C15-2
Added Pin To Net: NetName=ISEN-U_MCU Pin=R12-1
Added Pin To Net: NetName=ISEN-U_MCU Pin=TVS1-1
Added Pin To Net: NetName=ISEN-U_MCU Pin=U2-30
Added Net: Name=ISEN-U_MCU
Added Pin To Net: NetName=ISEN-U Pin=J3-2
Added Pin To Net: NetName=ISEN-U Pin=R12-2
Added Net: Name=ISEN-U
Added Pin To Net: NetName=ISEN-V_MCU Pin=C20-2
Added Pin To Net: NetName=ISEN-V_MCU Pin=R14-1
Added Pin To Net: NetName=ISEN-V_MCU Pin=TVS1-3
Added Pin To Net: NetName=ISEN-V_MCU Pin=U2-29
Added Net: Name=ISEN-V_MCU
Added Pin To Net: NetName=ISEN-V Pin=J3-8
Added Pin To Net: NetName=ISEN-V Pin=R14-2
Added Net: Name=ISEN-V
Added Pin To Net: NetName=ISEN-W_MCU Pin=C22-2
Added Pin To Net: NetName=ISEN-W_MCU Pin=R15-1
Added Pin To Net: NetName=ISEN-W_MCU Pin=TVS1-4
Added Pin To Net: NetName=ISEN-W_MCU Pin=U2-28
Added Net: Name=ISEN-W_MCU
Added Pin To Net: NetName=ISEN-W Pin=J3-16
Added Pin To Net: NetName=ISEN-W Pin=R15-2
Added Net: Name=ISEN-W
Added Pin To Net: NetName=NetC3_1 Pin=C3-1
Added Pin To Net: NetName=NetC3_1 Pin=U2-63
Added Net: Name=NetC3_1
Added Pin To Net: NetName=NetC4_1 Pin=C4-1
Added Pin To Net: NetName=NetC4_1 Pin=U2-81
Added Net: Name=NetC4_1
Added Pin To Net: NetName=NetC5_1 Pin=C5-1
Added Pin To Net: NetName=NetC5_1 Pin=U2-91
Added Net: Name=NetC5_1
Added Pin To Net: NetName=NetC6_1 Pin=C6-1
Added Pin To Net: NetName=NetC6_1 Pin=U2-37
Added Net: Name=NetC6_1
Added Pin To Net: NetName=NetC7_1 Pin=C7-1
Added Pin To Net: NetName=NetC7_1 Pin=U2-14
Added Net: Name=NetC7_1
Added Pin To Net: NetName=NetC8_1 Pin=C8-1
Added Pin To Net: NetName=NetC8_1 Pin=U2-3
Added Net: Name=NetC8_1
Added Pin To Net: NetName=NetC19_2 Pin=C19-2
Added Pin To Net: NetName=NetC19_2 Pin=R10-1
Added Pin To Net: NetName=NetC19_2 Pin=R13-1
Added Pin To Net: NetName=NetC19_2 Pin=U1-1
Added Pin To Net: NetName=NetC19_2 Pin=U1-3
Added Net: Name=NetC19_2
Added Pin To Net: NetName=NetC21_1 Pin=C21-1
Added Pin To Net: NetName=NetC21_1 Pin=U2-60
Added Pin To Net: NetName=NetC21_1 Pin=Y1-2
Added Net: Name=NetC21_1
Added Pin To Net: NetName=NetC23_1 Pin=C23-1
Added Pin To Net: NetName=NetC23_1 Pin=U2-59
Added Pin To Net: NetName=NetC23_1 Pin=Y1-1
Added Net: Name=NetC23_1
Added Pin To Net: NetName=NetC24_2 Pin=C24-2
Added Pin To Net: NetName=NetC24_2 Pin=C26-2
Added Pin To Net: NetName=NetC24_2 Pin=C27-2
Added Pin To Net: NetName=NetC24_2 Pin=M4-1
Added Pin To Net: NetName=NetC24_2 Pin=U2-25
Added Net: Name=NetC24_2
Added Pin To Net: NetName=NetC37_1 Pin=C37-1
Added Pin To Net: NetName=NetC37_1 Pin=U5-6
Added Net: Name=NetC37_1
Added Pin To Net: NetName=NetC37_2 Pin=C37-2
Added Pin To Net: NetName=NetC37_2 Pin=L1-1
Added Pin To Net: NetName=NetC37_2 Pin=L1-1
Added Pin To Net: NetName=NetC37_2 Pin=U5-2
Added Net: Name=NetC37_2
Added Pin To Net: NetName=NetC51_1 Pin=C51-1
Added Pin To Net: NetName=NetC51_1 Pin=Q1-1
Added Pin To Net: NetName=NetC51_1 Pin=Q2-3
Added Pin To Net: NetName=NetC51_1 Pin=R42-2
Added Net: Name=NetC51_1
Added Pin To Net: NetName=NetC51_2 Pin=C51-2
Added Pin To Net: NetName=NetC51_2 Pin=Q2-1
Added Pin To Net: NetName=NetC51_2 Pin=R40-1
Added Net: Name=NetC51_2
Added Pin To Net: NetName=NetC52_2 Pin=C52-2
Added Pin To Net: NetName=NetC52_2 Pin=R41-1
Added Pin To Net: NetName=NetC52_2 Pin=U2-11
Added Pin To Net: NetName=NetC52_2 Pin=U8-8
Added Net: Name=NetC52_2
Added Pin To Net: NetName=NetC54_2 Pin=C54-2
Added Pin To Net: NetName=NetC54_2 Pin=R50-1
Added Pin To Net: NetName=NetC54_2 Pin=T1-2
Added Pin To Net: NetName=NetC54_2 Pin=U9-6
Added Net: Name=NetC54_2
Added Pin To Net: NetName=NetC55_1 Pin=C55-1
Added Pin To Net: NetName=NetC55_1 Pin=R51-1
Added Net: Name=NetC55_1
Added Pin To Net: NetName=NetC56_2 Pin=C56-2
Added Pin To Net: NetName=NetC56_2 Pin=R44-2
Added Pin To Net: NetName=NetC56_2 Pin=R48-2
Added Net: Name=NetC56_2
Added Pin To Net: NetName=NetC59_2 Pin=C59-2
Added Pin To Net: NetName=NetC59_2 Pin=R43-1
Added Pin To Net: NetName=NetC59_2 Pin=T1-1
Added Pin To Net: NetName=NetC59_2 Pin=U9-7
Added Net: Name=NetC59_2
Added Pin To Net: NetName=NetC67_2 Pin=C67-2
Added Pin To Net: NetName=NetC67_2 Pin=R155-2
Added Pin To Net: NetName=NetC67_2 Pin=R156-1
Added Pin To Net: NetName=NetC67_2 Pin=U7-2
Added Pin To Net: NetName=NetC67_2 Pin=U7-6
Added Net: Name=NetC67_2
Added Pin To Net: NetName=NetD1_1 Pin=D1-1
Added Pin To Net: NetName=NetD1_1 Pin=Q1-3
Added Net: Name=NetD1_1
Added Pin To Net: NetName=NetJ2_1 Pin=J2-1
Added Pin To Net: NetName=NetJ2_1 Pin=R24-2
Added Net: Name=NetJ2_1
Added Pin To Net: NetName=NetJ2_2 Pin=J2-2
Added Pin To Net: NetName=NetJ2_2 Pin=R25-1
Added Pin To Net: NetName=NetJ2_2 Pin=R29-2
Added Net: Name=NetJ2_2
Added Pin To Net: NetName=NetJ2_3 Pin=J2-3
Added Pin To Net: NetName=NetJ2_3 Pin=R26-2
Added Net: Name=NetJ2_3
Added Pin To Net: NetName=NetJ2_7 Pin=J2-7
Added Pin To Net: NetName=NetJ2_7 Pin=R30-2
Added Net: Name=NetJ2_7
Added Pin To Net: NetName=NetJ2_9 Pin=J2-9
Added Pin To Net: NetName=NetJ2_9 Pin=J2-11
Added Pin To Net: NetName=NetJ2_9 Pin=R32-2
Added Net: Name=NetJ2_9
Added Pin To Net: NetName=NetJ2_13 Pin=J2-13
Added Pin To Net: NetName=NetJ2_13 Pin=R33-2
Added Net: Name=NetJ2_13
Added Pin To Net: NetName=NetJ2_14 Pin=J2-14
Added Pin To Net: NetName=NetJ2_14 Pin=R34-1
Added Net: Name=NetJ2_14
Added Pin To Net: NetName=NetLED1_1 Pin=LED1-1
Added Pin To Net: NetName=NetLED1_1 Pin=R16-1
Added Net: Name=NetLED1_1
Added Pin To Net: NetName=NetLED1_2 Pin=LED1-2
Added Pin To Net: NetName=NetLED1_2 Pin=U2-51
Added Net: Name=NetLED1_2
Added Pin To Net: NetName=NetLED2_1 Pin=LED2-1
Added Pin To Net: NetName=NetLED2_1 Pin=R17-1
Added Net: Name=NetLED2_1
Added Pin To Net: NetName=NetLED2_2 Pin=LED2-2
Added Pin To Net: NetName=NetLED2_2 Pin=U2-52
Added Net: Name=NetLED2_2
Added Pin To Net: NetName=NetM1_1 Pin=M1-1
Added Pin To Net: NetName=NetM1_1 Pin=R3-1
Added Pin To Net: NetName=NetM1_1 Pin=R6-1
Added Net: Name=NetM1_1
Added Pin To Net: NetName=NetM2_1 Pin=M2-1
Added Pin To Net: NetName=NetM2_1 Pin=R4-1
Added Pin To Net: NetName=NetM2_1 Pin=R9-1
Added Net: Name=NetM2_1
Added Pin To Net: NetName=NetM3_1 Pin=M3-1
Added Pin To Net: NetName=NetM3_1 Pin=R5-1
Added Pin To Net: NetName=NetM3_1 Pin=R11-1
Added Net: Name=NetM3_1
Added Pin To Net: NetName=NetQ1_2 Pin=Q1-2
Added Pin To Net: NetName=NetQ1_2 Pin=Q1-2
Added Pin To Net: NetName=NetQ1_2 Pin=R39-2
Added Pin To Net: NetName=NetQ1_2 Pin=R40-2
Added Net: Name=NetQ1_2
Added Pin To Net: NetName=NetR13_2 Pin=R13-2
Added Pin To Net: NetName=NetR13_2 Pin=U2-17
Added Net: Name=NetR13_2
Added Pin To Net: NetName=NetR31_2 Pin=R31-2
Added Pin To Net: NetName=NetR31_2 Pin=U4-5
Added Net: Name=NetR31_2
Added Pin To Net: NetName=NetR35_2 Pin=R35-2
Added Pin To Net: NetName=NetR35_2 Pin=U4-6
Added Net: Name=NetR35_2
Added Pin To Net: NetName=NetR36_2 Pin=R36-2
Added Pin To Net: NetName=NetR36_2 Pin=U5-5
Added Net: Name=NetR36_2
Added Pin To Net: NetName=NetR37_1 Pin=R37-1
Added Pin To Net: NetName=NetR37_1 Pin=R38-2
Added Pin To Net: NetName=NetR37_1 Pin=U5-4
Added Net: Name=NetR37_1
Added Pin To Net: NetName=NetR45_1 Pin=R45-1
Added Pin To Net: NetName=NetR45_1 Pin=R47-1
Added Pin To Net: NetName=NetR45_1 Pin=U9-4
Added Net: Name=NetR45_1
Added Pin To Net: NetName=NetR46_1 Pin=R46-1
Added Pin To Net: NetName=NetR46_1 Pin=R49-1
Added Pin To Net: NetName=NetR46_1 Pin=U9-1
Added Net: Name=NetR46_1
Added Pin To Net: NetName=NetR47_2 Pin=R47-2
Added Pin To Net: NetName=NetR47_2 Pin=U2-41
Added Net: Name=NetR47_2
Added Pin To Net: NetName=NetR49_2 Pin=R49-2
Added Pin To Net: NetName=NetR49_2 Pin=U2-40
Added Net: Name=NetR49_2
Added Pin To Net: NetName=NetR153_1 Pin=R153-1
Added Pin To Net: NetName=NetR153_1 Pin=U2-50
Added Pin To Net: NetName=NetR153_1 Pin=U7-7
Added Net: Name=NetR153_1
Added Pin To Net: NetName=NetR154_1 Pin=R154-1
Added Pin To Net: NetName=NetR154_1 Pin=U2-43
Added Pin To Net: NetName=NetR154_1 Pin=U7-3
Added Net: Name=NetR154_1
Added Pin To Net: NetName=NetR157_1 Pin=R157-1
Added Pin To Net: NetName=NetR157_1 Pin=R158-2
Added Pin To Net: NetName=NetR157_1 Pin=U7-1
Added Net: Name=NetR157_1
Added Pin To Net: NetName=NetR159_1 Pin=R159-1
Added Pin To Net: NetName=NetR159_1 Pin=R160-2
Added Pin To Net: NetName=NetR159_1 Pin=U7-5
Added Net: Name=NetR159_1
Added Pin To Net: NetName=RX Pin=J？-2
Added Pin To Net: NetName=RX Pin=R160-1
Added Net: Name=RX
Added Pin To Net: NetName=SCL Pin=R27-1
Added Pin To Net: NetName=SCL Pin=R35-1
Added Pin To Net: NetName=SCL Pin=U2-100
Added Net: Name=SCL
Added Pin To Net: NetName=SDA Pin=R28-1
Added Pin To Net: NetName=SDA Pin=R31-1
Added Pin To Net: NetName=SDA Pin=U2-99
Added Net: Name=SDA
Added Pin To Net: NetName=TCK Pin=R32-1
Added Pin To Net: NetName=TCK Pin=U2-67
Added Net: Name=TCK
Added Pin To Net: NetName=TDI Pin=R26-1
Added Pin To Net: NetName=TDI Pin=U2-71
Added Net: Name=TDI
Added Pin To Net: NetName=TDO Pin=R30-1
Added Pin To Net: NetName=TDO Pin=U2-70
Added Net: Name=TDO
Added Pin To Net: NetName=TMS Pin=R24-1
Added Pin To Net: NetName=TMS Pin=U2-72
Added Net: Name=TMS
Added Pin To Net: NetName=TRST Pin=R25-2
Added Pin To Net: NetName=TRST Pin=U2-12
Added Net: Name=TRST
Added Pin To Net: NetName=TX Pin=J？-1
Added Pin To Net: NetName=TX Pin=R158-1
Added Net: Name=TX
Added Pin To Net: NetName=U-OUT+ Pin=R18-2
Added Net: Name=U-OUT+
Added Pin To Net: NetName=U-OUT- Pin=J3-6
Added Net: Name=U-OUT-
Added Pin To Net: NetName=UB-PWM Pin=J3-3
Added Pin To Net: NetName=UB-PWM Pin=U2-86
Added Net: Name=UB-PWM
Added Pin To Net: NetName=UT-PWM Pin=J3-4
Added Pin To Net: NetName=UT-PWM Pin=U2-87
Added Net: Name=UT-PWM
Added Pin To Net: NetName=V-OUT+ Pin=R19-2
Added Net: Name=V-OUT+
Added Pin To Net: NetName=V-OUT- Pin=J3-14
Added Net: Name=V-OUT-
Added Pin To Net: NetName=VB-PWM Pin=J3-10
Added Pin To Net: NetName=VB-PWM Pin=U2-83
Added Net: Name=VB-PWM
Added Pin To Net: NetName=VOLTAGE_U Pin=C31-2
Added Pin To Net: NetName=VOLTAGE_U Pin=R18-1
Added Pin To Net: NetName=VOLTAGE_U Pin=R21-2
Added Pin To Net: NetName=VOLTAGE_U Pin=TVS2-5
Added Pin To Net: NetName=VOLTAGE_U Pin=U2-23
Added Net: Name=VOLTAGE_U
Added Pin To Net: NetName=VOLTAGE_V Pin=C32-2
Added Pin To Net: NetName=VOLTAGE_V Pin=R19-1
Added Pin To Net: NetName=VOLTAGE_V Pin=R22-2
Added Pin To Net: NetName=VOLTAGE_V Pin=TVS2-1
Added Pin To Net: NetName=VOLTAGE_V Pin=U2-22
Added Net: Name=VOLTAGE_V
Added Pin To Net: NetName=VOLTAGE_W Pin=C33-2
Added Pin To Net: NetName=VOLTAGE_W Pin=R20-1
Added Pin To Net: NetName=VOLTAGE_W Pin=R23-2
Added Pin To Net: NetName=VOLTAGE_W Pin=TVS2-3
Added Pin To Net: NetName=VOLTAGE_W Pin=U2-21
Added Net: Name=VOLTAGE_W
Added Pin To Net: NetName=VT-PWM Pin=J3-12
Added Pin To Net: NetName=VT-PWM Pin=U2-84
Added Net: Name=VT-PWM
Added Pin To Net: NetName=W-OUT+ Pin=R20-2
Added Net: Name=W-OUT+
Added Pin To Net: NetName=W-OUT- Pin=J3-19
Added Net: Name=W-OUT-
Added Pin To Net: NetName=WB-PWM Pin=J3-18
Added Pin To Net: NetName=WB-PWM Pin=U2-10
Added Net: Name=WB-PWM
Added Pin To Net: NetName=WT-PWM Pin=J3-20
Added Pin To Net: NetName=WT-PWM Pin=U2-9
Added Net: Name=WT-PWM
Added Class: Name=U_Communication
Added Class: Name=U_MCU
Added Class: Name=U_POWER
Added Room: Name=U_Communication
Added Room: Name=U_MCU
Added Room: Name=U_POWER
