Removed Pin From Net: NetName=+15V Pin=J2-1
Removed Pin From Net: NetName=ISEN-U Pin=J2-2
Removed Pin From Net: NetName=UB-PWM Pin=J2-3
Removed Pin From Net: NetName=UT-PWM Pin=J2-4
Removed Pin From Net: NetName=+5V Pin=J2-5
Removed Pin From Net: NetName=U-OUT- Pin=J2-6
Removed Pin From Net: NetName=GND Pin=J2-7
Removed Pin From Net: NetName=ISEN-V Pin=J2-8
Removed Pin From Net: NetName=+15V Pin=J2-9
Removed Pin From Net: NetName=VB-PWM Pin=J2-10
Removed Pin From Net: NetName=GND Pin=J2-11
Removed Pin From Net: NetName=VT-PWM Pin=J2-12
Removed Pin From Net: NetName=GND Pin=J2-13
Removed Pin From Net: NetName=V-OUT- Pin=J2-14
Removed Pin From Net: NetName=GND Pin=J2-15
Removed Pin From Net: NetName=ISEN-W Pin=J2-16
Removed Pin From Net: NetName=+15V Pin=J2-17
Removed Pin From Net: NetName=WB-PWM Pin=J2-18
Removed Pin From Net: NetName=W-OUT- Pin=J2-19
Removed Pin From Net: NetName=WT-PWM Pin=J2-20
Added Pin To Net: NetName=WT-PWM Pin=J2-1
Added Pin To Net: NetName=W-OUT- Pin=J2-2
Added Pin To Net: NetName=WB-PWM Pin=J2-3
Added Pin To Net: NetName=+15V Pin=J2-4
Added Pin To Net: NetName=ISEN-W Pin=J2-5
Added Pin To Net: NetName=GND Pin=J2-6
Added Pin To Net: NetName=V-OUT- Pin=J2-7
Added Pin To Net: NetName=GND Pin=J2-8
Added Pin To Net: NetName=VT-PWM Pin=J2-9
Added Pin To Net: NetName=GND Pin=J2-10
Added Pin To Net: NetName=VB-PWM Pin=J2-11
Added Pin To Net: NetName=+15V Pin=J2-12
Added Pin To Net: NetName=ISEN-V Pin=J2-13
Added Pin To Net: NetName=GND Pin=J2-14
Added Pin To Net: NetName=U-OUT- Pin=J2-15
Added Pin To Net: NetName=+5V Pin=J2-16
Added Pin To Net: NetName=UT-PWM Pin=J2-17
Added Pin To Net: NetName=UB-PWM Pin=J2-18
Added Pin To Net: NetName=ISEN-U Pin=J2-19
Added Pin To Net: NetName=+15V Pin=J2-20
